WARNING: Could not connect to update server to verify current version. Please check at the eXpress website (http://bio.math.berkeley.edu/eXpress).

2019-Dec-01 17:33:06 - Attempting to read 'unfixrm_M_faveolata__Mfav_DD_euk_1_2505__L1_TGACCA_L001_longfilt.bt2.sorted.bam' in BAM format...
2019-Dec-01 17:33:06 - Parsing BAM header...
2019-Dec-01 17:33:06 - Loading target sequences and measuring bias background...
2019-Dec-01 17:33:19 - Initialized 66044 targets.
2019-Dec-01 17:33:19 - Processing input fragment alignments...
2019-Dec-01 17:36:51 - COMPLETED: Processed 41460 mapped fragments, targets are in 66044 bundles.
2019-Dec-01 17:36:51 - WARNING: Not enough fragments observed to accurately learn bias parameters. Either disable bias correction (--no-bias-correct) or provide a file containing auxiliary parameters (--aux-param-file).
2019-Dec-01 17:36:51 - Writing results to file...
2019-Dec-01 17:36:52 - Done.
WARNING: Could not connect to update server to verify current version. Please check at the eXpress website (http://bio.math.berkeley.edu/eXpress).

2019-Dec-01 17:36:53 - Attempting to read 'unfixrm_M_faveolata__Mfav_DD_euk_31_2506__L1_ACAGTG_L001_longfilt.bt2.sorted.bam' in BAM format...
2019-Dec-01 17:36:54 - Parsing BAM header...
2019-Dec-01 17:36:54 - Loading target sequences and measuring bias background...
2019-Dec-01 17:37:06 - Initialized 66044 targets.
2019-Dec-01 17:37:06 - Processing input fragment alignments...
2019-Dec-01 17:40:31 - COMPLETED: Processed 56317 mapped fragments, targets are in 66044 bundles.
2019-Dec-01 17:40:31 - WARNING: Not enough fragments observed to accurately learn bias parameters. Either disable bias correction (--no-bias-correct) or provide a file containing auxiliary parameters (--aux-param-file).
2019-Dec-01 17:40:31 - Writing results to file...
2019-Dec-01 17:40:34 - Done.
WARNING: Could not connect to update server to verify current version. Please check at the eXpress website (http://bio.math.berkeley.edu/eXpress).

2019-Dec-01 17:40:34 - Attempting to read 'unfixrm_M_faveolata__Mfav_HH_euk_3_2502__L1_ATCACG_L001_longfilt.bt2.sorted.bam' in BAM format...
2019-Dec-01 17:40:34 - Parsing BAM header...
2019-Dec-01 17:40:34 - Loading target sequences and measuring bias background...
2019-Dec-01 17:40:47 - Initialized 66044 targets.
2019-Dec-01 17:40:47 - Processing input fragment alignments...
2019-Dec-01 17:43:45 - COMPLETED: Processed 52052 mapped fragments, targets are in 66044 bundles.
2019-Dec-01 17:43:45 - WARNING: Not enough fragments observed to accurately learn bias parameters. Either disable bias correction (--no-bias-correct) or provide a file containing auxiliary parameters (--aux-param-file).
2019-Dec-01 17:43:45 - Writing results to file...
2019-Dec-01 17:43:47 - Done.
WARNING: Could not connect to update server to verify current version. Please check at the eXpress website (http://bio.math.berkeley.edu/eXpress).

2019-Dec-01 17:43:48 - Attempting to read 'unfixrm_M_faveolata__Mfav_HH_euk_33_2503__L1_CGATGT_L001_longfilt.bt2.sorted.bam' in BAM format...
2019-Dec-01 17:43:48 - Parsing BAM header...
2019-Dec-01 17:43:48 - Loading target sequences and measuring bias background...
2019-Dec-01 17:44:01 - Initialized 66044 targets.
2019-Dec-01 17:44:01 - Processing input fragment alignments...
2019-Dec-01 17:47:02 - COMPLETED: Processed 50107 mapped fragments, targets are in 66044 bundles.
2019-Dec-01 17:47:02 - WARNING: Not enough fragments observed to accurately learn bias parameters. Either disable bias correction (--no-bias-correct) or provide a file containing auxiliary parameters (--aux-param-file).
2019-Dec-01 17:47:02 - Writing results to file...
2019-Dec-01 17:47:04 - Done.
