Started analysis of M_faveolata__Mfav_DD_euk_1_2505__L1_TGACCA_L001_R1_001.fastq.gz
Approx 5% complete for M_faveolata__Mfav_DD_euk_1_2505__L1_TGACCA_L001_R1_001.fastq.gz
Approx 10% complete for M_faveolata__Mfav_DD_euk_1_2505__L1_TGACCA_L001_R1_001.fastq.gz
Approx 15% complete for M_faveolata__Mfav_DD_euk_1_2505__L1_TGACCA_L001_R1_001.fastq.gz
Approx 20% complete for M_faveolata__Mfav_DD_euk_1_2505__L1_TGACCA_L001_R1_001.fastq.gz
Approx 25% complete for M_faveolata__Mfav_DD_euk_1_2505__L1_TGACCA_L001_R1_001.fastq.gz
Approx 30% complete for M_faveolata__Mfav_DD_euk_1_2505__L1_TGACCA_L001_R1_001.fastq.gz
Approx 35% complete for M_faveolata__Mfav_DD_euk_1_2505__L1_TGACCA_L001_R1_001.fastq.gz
Approx 40% complete for M_faveolata__Mfav_DD_euk_1_2505__L1_TGACCA_L001_R1_001.fastq.gz
Approx 45% complete for M_faveolata__Mfav_DD_euk_1_2505__L1_TGACCA_L001_R1_001.fastq.gz
Approx 50% complete for M_faveolata__Mfav_DD_euk_1_2505__L1_TGACCA_L001_R1_001.fastq.gz
Approx 55% complete for M_faveolata__Mfav_DD_euk_1_2505__L1_TGACCA_L001_R1_001.fastq.gz
Approx 60% complete for M_faveolata__Mfav_DD_euk_1_2505__L1_TGACCA_L001_R1_001.fastq.gz
Approx 65% complete for M_faveolata__Mfav_DD_euk_1_2505__L1_TGACCA_L001_R1_001.fastq.gz
Approx 70% complete for M_faveolata__Mfav_DD_euk_1_2505__L1_TGACCA_L001_R1_001.fastq.gz
Approx 75% complete for M_faveolata__Mfav_DD_euk_1_2505__L1_TGACCA_L001_R1_001.fastq.gz
Approx 80% complete for M_faveolata__Mfav_DD_euk_1_2505__L1_TGACCA_L001_R1_001.fastq.gz
Approx 85% complete for M_faveolata__Mfav_DD_euk_1_2505__L1_TGACCA_L001_R1_001.fastq.gz
Approx 90% complete for M_faveolata__Mfav_DD_euk_1_2505__L1_TGACCA_L001_R1_001.fastq.gz
Approx 95% complete for M_faveolata__Mfav_DD_euk_1_2505__L1_TGACCA_L001_R1_001.fastq.gz
Analysis complete for M_faveolata__Mfav_DD_euk_1_2505__L1_TGACCA_L001_R1_001.fastq.gz
Started analysis of M_faveolata__Mfav_DD_euk_1_2505__L1_TGACCA_L001_R2_001.fastq.gz
Approx 5% complete for M_faveolata__Mfav_DD_euk_1_2505__L1_TGACCA_L001_R2_001.fastq.gz
Approx 10% complete for M_faveolata__Mfav_DD_euk_1_2505__L1_TGACCA_L001_R2_001.fastq.gz
Approx 15% complete for M_faveolata__Mfav_DD_euk_1_2505__L1_TGACCA_L001_R2_001.fastq.gz
Approx 20% complete for M_faveolata__Mfav_DD_euk_1_2505__L1_TGACCA_L001_R2_001.fastq.gz
Approx 25% complete for M_faveolata__Mfav_DD_euk_1_2505__L1_TGACCA_L001_R2_001.fastq.gz
Approx 30% complete for M_faveolata__Mfav_DD_euk_1_2505__L1_TGACCA_L001_R2_001.fastq.gz
Approx 35% complete for M_faveolata__Mfav_DD_euk_1_2505__L1_TGACCA_L001_R2_001.fastq.gz
Approx 40% complete for M_faveolata__Mfav_DD_euk_1_2505__L1_TGACCA_L001_R2_001.fastq.gz
Approx 45% complete for M_faveolata__Mfav_DD_euk_1_2505__L1_TGACCA_L001_R2_001.fastq.gz
Approx 50% complete for M_faveolata__Mfav_DD_euk_1_2505__L1_TGACCA_L001_R2_001.fastq.gz
Approx 55% complete for M_faveolata__Mfav_DD_euk_1_2505__L1_TGACCA_L001_R2_001.fastq.gz
Approx 60% complete for M_faveolata__Mfav_DD_euk_1_2505__L1_TGACCA_L001_R2_001.fastq.gz
Approx 65% complete for M_faveolata__Mfav_DD_euk_1_2505__L1_TGACCA_L001_R2_001.fastq.gz
Approx 70% complete for M_faveolata__Mfav_DD_euk_1_2505__L1_TGACCA_L001_R2_001.fastq.gz
Approx 75% complete for M_faveolata__Mfav_DD_euk_1_2505__L1_TGACCA_L001_R2_001.fastq.gz
Approx 80% complete for M_faveolata__Mfav_DD_euk_1_2505__L1_TGACCA_L001_R2_001.fastq.gz
Approx 85% complete for M_faveolata__Mfav_DD_euk_1_2505__L1_TGACCA_L001_R2_001.fastq.gz
Approx 90% complete for M_faveolata__Mfav_DD_euk_1_2505__L1_TGACCA_L001_R2_001.fastq.gz
Approx 95% complete for M_faveolata__Mfav_DD_euk_1_2505__L1_TGACCA_L001_R2_001.fastq.gz
Analysis complete for M_faveolata__Mfav_DD_euk_1_2505__L1_TGACCA_L001_R2_001.fastq.gz
Started analysis of M_faveolata__Mfav_DD_euk_31_2506__L1_ACAGTG_L001_R1_001.fastq.gz
Approx 5% complete for M_faveolata__Mfav_DD_euk_31_2506__L1_ACAGTG_L001_R1_001.fastq.gz
Approx 10% complete for M_faveolata__Mfav_DD_euk_31_2506__L1_ACAGTG_L001_R1_001.fastq.gz
Approx 15% complete for M_faveolata__Mfav_DD_euk_31_2506__L1_ACAGTG_L001_R1_001.fastq.gz
Approx 20% complete for M_faveolata__Mfav_DD_euk_31_2506__L1_ACAGTG_L001_R1_001.fastq.gz
Approx 25% complete for M_faveolata__Mfav_DD_euk_31_2506__L1_ACAGTG_L001_R1_001.fastq.gz
Approx 30% complete for M_faveolata__Mfav_DD_euk_31_2506__L1_ACAGTG_L001_R1_001.fastq.gz
Approx 35% complete for M_faveolata__Mfav_DD_euk_31_2506__L1_ACAGTG_L001_R1_001.fastq.gz
Approx 40% complete for M_faveolata__Mfav_DD_euk_31_2506__L1_ACAGTG_L001_R1_001.fastq.gz
Approx 45% complete for M_faveolata__Mfav_DD_euk_31_2506__L1_ACAGTG_L001_R1_001.fastq.gz
Approx 50% complete for M_faveolata__Mfav_DD_euk_31_2506__L1_ACAGTG_L001_R1_001.fastq.gz
Approx 55% complete for M_faveolata__Mfav_DD_euk_31_2506__L1_ACAGTG_L001_R1_001.fastq.gz
Approx 60% complete for M_faveolata__Mfav_DD_euk_31_2506__L1_ACAGTG_L001_R1_001.fastq.gz
Approx 65% complete for M_faveolata__Mfav_DD_euk_31_2506__L1_ACAGTG_L001_R1_001.fastq.gz
Approx 70% complete for M_faveolata__Mfav_DD_euk_31_2506__L1_ACAGTG_L001_R1_001.fastq.gz
Approx 75% complete for M_faveolata__Mfav_DD_euk_31_2506__L1_ACAGTG_L001_R1_001.fastq.gz
Approx 80% complete for M_faveolata__Mfav_DD_euk_31_2506__L1_ACAGTG_L001_R1_001.fastq.gz
Approx 85% complete for M_faveolata__Mfav_DD_euk_31_2506__L1_ACAGTG_L001_R1_001.fastq.gz
Approx 90% complete for M_faveolata__Mfav_DD_euk_31_2506__L1_ACAGTG_L001_R1_001.fastq.gz
Approx 95% complete for M_faveolata__Mfav_DD_euk_31_2506__L1_ACAGTG_L001_R1_001.fastq.gz
Analysis complete for M_faveolata__Mfav_DD_euk_31_2506__L1_ACAGTG_L001_R1_001.fastq.gz
Started analysis of M_faveolata__Mfav_DD_euk_31_2506__L1_ACAGTG_L001_R2_001.fastq.gz
Approx 5% complete for M_faveolata__Mfav_DD_euk_31_2506__L1_ACAGTG_L001_R2_001.fastq.gz
Approx 10% complete for M_faveolata__Mfav_DD_euk_31_2506__L1_ACAGTG_L001_R2_001.fastq.gz
Approx 15% complete for M_faveolata__Mfav_DD_euk_31_2506__L1_ACAGTG_L001_R2_001.fastq.gz
Approx 20% complete for M_faveolata__Mfav_DD_euk_31_2506__L1_ACAGTG_L001_R2_001.fastq.gz
Approx 25% complete for M_faveolata__Mfav_DD_euk_31_2506__L1_ACAGTG_L001_R2_001.fastq.gz
Approx 30% complete for M_faveolata__Mfav_DD_euk_31_2506__L1_ACAGTG_L001_R2_001.fastq.gz
Approx 35% complete for M_faveolata__Mfav_DD_euk_31_2506__L1_ACAGTG_L001_R2_001.fastq.gz
Approx 40% complete for M_faveolata__Mfav_DD_euk_31_2506__L1_ACAGTG_L001_R2_001.fastq.gz
Approx 45% complete for M_faveolata__Mfav_DD_euk_31_2506__L1_ACAGTG_L001_R2_001.fastq.gz
Approx 50% complete for M_faveolata__Mfav_DD_euk_31_2506__L1_ACAGTG_L001_R2_001.fastq.gz
Approx 55% complete for M_faveolata__Mfav_DD_euk_31_2506__L1_ACAGTG_L001_R2_001.fastq.gz
Approx 60% complete for M_faveolata__Mfav_DD_euk_31_2506__L1_ACAGTG_L001_R2_001.fastq.gz
Approx 65% complete for M_faveolata__Mfav_DD_euk_31_2506__L1_ACAGTG_L001_R2_001.fastq.gz
Approx 70% complete for M_faveolata__Mfav_DD_euk_31_2506__L1_ACAGTG_L001_R2_001.fastq.gz
Approx 75% complete for M_faveolata__Mfav_DD_euk_31_2506__L1_ACAGTG_L001_R2_001.fastq.gz
Approx 80% complete for M_faveolata__Mfav_DD_euk_31_2506__L1_ACAGTG_L001_R2_001.fastq.gz
Approx 85% complete for M_faveolata__Mfav_DD_euk_31_2506__L1_ACAGTG_L001_R2_001.fastq.gz
Approx 90% complete for M_faveolata__Mfav_DD_euk_31_2506__L1_ACAGTG_L001_R2_001.fastq.gz
Approx 95% complete for M_faveolata__Mfav_DD_euk_31_2506__L1_ACAGTG_L001_R2_001.fastq.gz
Analysis complete for M_faveolata__Mfav_DD_euk_31_2506__L1_ACAGTG_L001_R2_001.fastq.gz
Started analysis of M_faveolata__Mfav_DD_prok_1-_2511__L2_TAGCTT_L002_R1_001.fastq.gz
Approx 5% complete for M_faveolata__Mfav_DD_prok_1-_2511__L2_TAGCTT_L002_R1_001.fastq.gz
Approx 10% complete for M_faveolata__Mfav_DD_prok_1-_2511__L2_TAGCTT_L002_R1_001.fastq.gz
Approx 15% complete for M_faveolata__Mfav_DD_prok_1-_2511__L2_TAGCTT_L002_R1_001.fastq.gz
Approx 20% complete for M_faveolata__Mfav_DD_prok_1-_2511__L2_TAGCTT_L002_R1_001.fastq.gz
Approx 25% complete for M_faveolata__Mfav_DD_prok_1-_2511__L2_TAGCTT_L002_R1_001.fastq.gz
Approx 30% complete for M_faveolata__Mfav_DD_prok_1-_2511__L2_TAGCTT_L002_R1_001.fastq.gz
Approx 35% complete for M_faveolata__Mfav_DD_prok_1-_2511__L2_TAGCTT_L002_R1_001.fastq.gz
Approx 40% complete for M_faveolata__Mfav_DD_prok_1-_2511__L2_TAGCTT_L002_R1_001.fastq.gz
Approx 45% complete for M_faveolata__Mfav_DD_prok_1-_2511__L2_TAGCTT_L002_R1_001.fastq.gz
Approx 50% complete for M_faveolata__Mfav_DD_prok_1-_2511__L2_TAGCTT_L002_R1_001.fastq.gz
Approx 55% complete for M_faveolata__Mfav_DD_prok_1-_2511__L2_TAGCTT_L002_R1_001.fastq.gz
Approx 60% complete for M_faveolata__Mfav_DD_prok_1-_2511__L2_TAGCTT_L002_R1_001.fastq.gz
Approx 65% complete for M_faveolata__Mfav_DD_prok_1-_2511__L2_TAGCTT_L002_R1_001.fastq.gz
Approx 70% complete for M_faveolata__Mfav_DD_prok_1-_2511__L2_TAGCTT_L002_R1_001.fastq.gz
Approx 75% complete for M_faveolata__Mfav_DD_prok_1-_2511__L2_TAGCTT_L002_R1_001.fastq.gz
Approx 80% complete for M_faveolata__Mfav_DD_prok_1-_2511__L2_TAGCTT_L002_R1_001.fastq.gz
Approx 85% complete for M_faveolata__Mfav_DD_prok_1-_2511__L2_TAGCTT_L002_R1_001.fastq.gz
Approx 90% complete for M_faveolata__Mfav_DD_prok_1-_2511__L2_TAGCTT_L002_R1_001.fastq.gz
Approx 95% complete for M_faveolata__Mfav_DD_prok_1-_2511__L2_TAGCTT_L002_R1_001.fastq.gz
Analysis complete for M_faveolata__Mfav_DD_prok_1-_2511__L2_TAGCTT_L002_R1_001.fastq.gz
Started analysis of M_faveolata__Mfav_DD_prok_1-_2511__L2_TAGCTT_L002_R2_001.fastq.gz
Approx 5% complete for M_faveolata__Mfav_DD_prok_1-_2511__L2_TAGCTT_L002_R2_001.fastq.gz
Approx 10% complete for M_faveolata__Mfav_DD_prok_1-_2511__L2_TAGCTT_L002_R2_001.fastq.gz
Approx 15% complete for M_faveolata__Mfav_DD_prok_1-_2511__L2_TAGCTT_L002_R2_001.fastq.gz
Approx 20% complete for M_faveolata__Mfav_DD_prok_1-_2511__L2_TAGCTT_L002_R2_001.fastq.gz
Approx 25% complete for M_faveolata__Mfav_DD_prok_1-_2511__L2_TAGCTT_L002_R2_001.fastq.gz
Approx 30% complete for M_faveolata__Mfav_DD_prok_1-_2511__L2_TAGCTT_L002_R2_001.fastq.gz
Approx 35% complete for M_faveolata__Mfav_DD_prok_1-_2511__L2_TAGCTT_L002_R2_001.fastq.gz
Approx 40% complete for M_faveolata__Mfav_DD_prok_1-_2511__L2_TAGCTT_L002_R2_001.fastq.gz
Approx 45% complete for M_faveolata__Mfav_DD_prok_1-_2511__L2_TAGCTT_L002_R2_001.fastq.gz
Approx 50% complete for M_faveolata__Mfav_DD_prok_1-_2511__L2_TAGCTT_L002_R2_001.fastq.gz
Approx 55% complete for M_faveolata__Mfav_DD_prok_1-_2511__L2_TAGCTT_L002_R2_001.fastq.gz
Approx 60% complete for M_faveolata__Mfav_DD_prok_1-_2511__L2_TAGCTT_L002_R2_001.fastq.gz
Approx 65% complete for M_faveolata__Mfav_DD_prok_1-_2511__L2_TAGCTT_L002_R2_001.fastq.gz
Approx 70% complete for M_faveolata__Mfav_DD_prok_1-_2511__L2_TAGCTT_L002_R2_001.fastq.gz
Approx 75% complete for M_faveolata__Mfav_DD_prok_1-_2511__L2_TAGCTT_L002_R2_001.fastq.gz
Approx 80% complete for M_faveolata__Mfav_DD_prok_1-_2511__L2_TAGCTT_L002_R2_001.fastq.gz
Approx 85% complete for M_faveolata__Mfav_DD_prok_1-_2511__L2_TAGCTT_L002_R2_001.fastq.gz
Approx 90% complete for M_faveolata__Mfav_DD_prok_1-_2511__L2_TAGCTT_L002_R2_001.fastq.gz
Approx 95% complete for M_faveolata__Mfav_DD_prok_1-_2511__L2_TAGCTT_L002_R2_001.fastq.gz
Analysis complete for M_faveolata__Mfav_DD_prok_1-_2511__L2_TAGCTT_L002_R2_001.fastq.gz
Started analysis of M_faveolata__Mfav_DD_prok_31-_2512__L2_GGCTAC_L002_R1_001.fastq.gz
Approx 5% complete for M_faveolata__Mfav_DD_prok_31-_2512__L2_GGCTAC_L002_R1_001.fastq.gz
Approx 10% complete for M_faveolata__Mfav_DD_prok_31-_2512__L2_GGCTAC_L002_R1_001.fastq.gz
Approx 15% complete for M_faveolata__Mfav_DD_prok_31-_2512__L2_GGCTAC_L002_R1_001.fastq.gz
Approx 20% complete for M_faveolata__Mfav_DD_prok_31-_2512__L2_GGCTAC_L002_R1_001.fastq.gz
Approx 25% complete for M_faveolata__Mfav_DD_prok_31-_2512__L2_GGCTAC_L002_R1_001.fastq.gz
Approx 30% complete for M_faveolata__Mfav_DD_prok_31-_2512__L2_GGCTAC_L002_R1_001.fastq.gz
Approx 35% complete for M_faveolata__Mfav_DD_prok_31-_2512__L2_GGCTAC_L002_R1_001.fastq.gz
Approx 40% complete for M_faveolata__Mfav_DD_prok_31-_2512__L2_GGCTAC_L002_R1_001.fastq.gz
Approx 45% complete for M_faveolata__Mfav_DD_prok_31-_2512__L2_GGCTAC_L002_R1_001.fastq.gz
Approx 50% complete for M_faveolata__Mfav_DD_prok_31-_2512__L2_GGCTAC_L002_R1_001.fastq.gz
Approx 55% complete for M_faveolata__Mfav_DD_prok_31-_2512__L2_GGCTAC_L002_R1_001.fastq.gz
Approx 60% complete for M_faveolata__Mfav_DD_prok_31-_2512__L2_GGCTAC_L002_R1_001.fastq.gz
Approx 65% complete for M_faveolata__Mfav_DD_prok_31-_2512__L2_GGCTAC_L002_R1_001.fastq.gz
Approx 70% complete for M_faveolata__Mfav_DD_prok_31-_2512__L2_GGCTAC_L002_R1_001.fastq.gz
Approx 75% complete for M_faveolata__Mfav_DD_prok_31-_2512__L2_GGCTAC_L002_R1_001.fastq.gz
Approx 80% complete for M_faveolata__Mfav_DD_prok_31-_2512__L2_GGCTAC_L002_R1_001.fastq.gz
Approx 85% complete for M_faveolata__Mfav_DD_prok_31-_2512__L2_GGCTAC_L002_R1_001.fastq.gz
Approx 90% complete for M_faveolata__Mfav_DD_prok_31-_2512__L2_GGCTAC_L002_R1_001.fastq.gz
Approx 95% complete for M_faveolata__Mfav_DD_prok_31-_2512__L2_GGCTAC_L002_R1_001.fastq.gz
Analysis complete for M_faveolata__Mfav_DD_prok_31-_2512__L2_GGCTAC_L002_R1_001.fastq.gz
Started analysis of M_faveolata__Mfav_DD_prok_31-_2512__L2_GGCTAC_L002_R2_001.fastq.gz
Approx 5% complete for M_faveolata__Mfav_DD_prok_31-_2512__L2_GGCTAC_L002_R2_001.fastq.gz
Approx 10% complete for M_faveolata__Mfav_DD_prok_31-_2512__L2_GGCTAC_L002_R2_001.fastq.gz
Approx 15% complete for M_faveolata__Mfav_DD_prok_31-_2512__L2_GGCTAC_L002_R2_001.fastq.gz
Approx 20% complete for M_faveolata__Mfav_DD_prok_31-_2512__L2_GGCTAC_L002_R2_001.fastq.gz
Approx 25% complete for M_faveolata__Mfav_DD_prok_31-_2512__L2_GGCTAC_L002_R2_001.fastq.gz
Approx 30% complete for M_faveolata__Mfav_DD_prok_31-_2512__L2_GGCTAC_L002_R2_001.fastq.gz
Approx 35% complete for M_faveolata__Mfav_DD_prok_31-_2512__L2_GGCTAC_L002_R2_001.fastq.gz
Approx 40% complete for M_faveolata__Mfav_DD_prok_31-_2512__L2_GGCTAC_L002_R2_001.fastq.gz
Approx 45% complete for M_faveolata__Mfav_DD_prok_31-_2512__L2_GGCTAC_L002_R2_001.fastq.gz
Approx 50% complete for M_faveolata__Mfav_DD_prok_31-_2512__L2_GGCTAC_L002_R2_001.fastq.gz
Approx 55% complete for M_faveolata__Mfav_DD_prok_31-_2512__L2_GGCTAC_L002_R2_001.fastq.gz
Approx 60% complete for M_faveolata__Mfav_DD_prok_31-_2512__L2_GGCTAC_L002_R2_001.fastq.gz
Approx 65% complete for M_faveolata__Mfav_DD_prok_31-_2512__L2_GGCTAC_L002_R2_001.fastq.gz
Approx 70% complete for M_faveolata__Mfav_DD_prok_31-_2512__L2_GGCTAC_L002_R2_001.fastq.gz
Approx 75% complete for M_faveolata__Mfav_DD_prok_31-_2512__L2_GGCTAC_L002_R2_001.fastq.gz
Approx 80% complete for M_faveolata__Mfav_DD_prok_31-_2512__L2_GGCTAC_L002_R2_001.fastq.gz
Approx 85% complete for M_faveolata__Mfav_DD_prok_31-_2512__L2_GGCTAC_L002_R2_001.fastq.gz
Approx 90% complete for M_faveolata__Mfav_DD_prok_31-_2512__L2_GGCTAC_L002_R2_001.fastq.gz
Approx 95% complete for M_faveolata__Mfav_DD_prok_31-_2512__L2_GGCTAC_L002_R2_001.fastq.gz
Analysis complete for M_faveolata__Mfav_DD_prok_31-_2512__L2_GGCTAC_L002_R2_001.fastq.gz
Started analysis of M_faveolata__Mfav_HH_euk_3_2502__L1_ATCACG_L001_R1_001.fastq.gz
Approx 5% complete for M_faveolata__Mfav_HH_euk_3_2502__L1_ATCACG_L001_R1_001.fastq.gz
Approx 10% complete for M_faveolata__Mfav_HH_euk_3_2502__L1_ATCACG_L001_R1_001.fastq.gz
Approx 15% complete for M_faveolata__Mfav_HH_euk_3_2502__L1_ATCACG_L001_R1_001.fastq.gz
Approx 20% complete for M_faveolata__Mfav_HH_euk_3_2502__L1_ATCACG_L001_R1_001.fastq.gz
Approx 25% complete for M_faveolata__Mfav_HH_euk_3_2502__L1_ATCACG_L001_R1_001.fastq.gz
Approx 30% complete for M_faveolata__Mfav_HH_euk_3_2502__L1_ATCACG_L001_R1_001.fastq.gz
Approx 35% complete for M_faveolata__Mfav_HH_euk_3_2502__L1_ATCACG_L001_R1_001.fastq.gz
Approx 40% complete for M_faveolata__Mfav_HH_euk_3_2502__L1_ATCACG_L001_R1_001.fastq.gz
Approx 45% complete for M_faveolata__Mfav_HH_euk_3_2502__L1_ATCACG_L001_R1_001.fastq.gz
Approx 50% complete for M_faveolata__Mfav_HH_euk_3_2502__L1_ATCACG_L001_R1_001.fastq.gz
Approx 55% complete for M_faveolata__Mfav_HH_euk_3_2502__L1_ATCACG_L001_R1_001.fastq.gz
Approx 60% complete for M_faveolata__Mfav_HH_euk_3_2502__L1_ATCACG_L001_R1_001.fastq.gz
Approx 65% complete for M_faveolata__Mfav_HH_euk_3_2502__L1_ATCACG_L001_R1_001.fastq.gz
Approx 70% complete for M_faveolata__Mfav_HH_euk_3_2502__L1_ATCACG_L001_R1_001.fastq.gz
Approx 75% complete for M_faveolata__Mfav_HH_euk_3_2502__L1_ATCACG_L001_R1_001.fastq.gz
Approx 80% complete for M_faveolata__Mfav_HH_euk_3_2502__L1_ATCACG_L001_R1_001.fastq.gz
Approx 85% complete for M_faveolata__Mfav_HH_euk_3_2502__L1_ATCACG_L001_R1_001.fastq.gz
Approx 90% complete for M_faveolata__Mfav_HH_euk_3_2502__L1_ATCACG_L001_R1_001.fastq.gz
Approx 95% complete for M_faveolata__Mfav_HH_euk_3_2502__L1_ATCACG_L001_R1_001.fastq.gz
Analysis complete for M_faveolata__Mfav_HH_euk_3_2502__L1_ATCACG_L001_R1_001.fastq.gz
Started analysis of M_faveolata__Mfav_HH_euk_3_2502__L1_ATCACG_L001_R2_001.fastq.gz
Approx 5% complete for M_faveolata__Mfav_HH_euk_3_2502__L1_ATCACG_L001_R2_001.fastq.gz
Approx 10% complete for M_faveolata__Mfav_HH_euk_3_2502__L1_ATCACG_L001_R2_001.fastq.gz
Approx 15% complete for M_faveolata__Mfav_HH_euk_3_2502__L1_ATCACG_L001_R2_001.fastq.gz
Approx 20% complete for M_faveolata__Mfav_HH_euk_3_2502__L1_ATCACG_L001_R2_001.fastq.gz
Approx 25% complete for M_faveolata__Mfav_HH_euk_3_2502__L1_ATCACG_L001_R2_001.fastq.gz
Approx 30% complete for M_faveolata__Mfav_HH_euk_3_2502__L1_ATCACG_L001_R2_001.fastq.gz
Approx 35% complete for M_faveolata__Mfav_HH_euk_3_2502__L1_ATCACG_L001_R2_001.fastq.gz
Approx 40% complete for M_faveolata__Mfav_HH_euk_3_2502__L1_ATCACG_L001_R2_001.fastq.gz
Approx 45% complete for M_faveolata__Mfav_HH_euk_3_2502__L1_ATCACG_L001_R2_001.fastq.gz
Approx 50% complete for M_faveolata__Mfav_HH_euk_3_2502__L1_ATCACG_L001_R2_001.fastq.gz
Approx 55% complete for M_faveolata__Mfav_HH_euk_3_2502__L1_ATCACG_L001_R2_001.fastq.gz
Approx 60% complete for M_faveolata__Mfav_HH_euk_3_2502__L1_ATCACG_L001_R2_001.fastq.gz
Approx 65% complete for M_faveolata__Mfav_HH_euk_3_2502__L1_ATCACG_L001_R2_001.fastq.gz
Approx 70% complete for M_faveolata__Mfav_HH_euk_3_2502__L1_ATCACG_L001_R2_001.fastq.gz
Approx 75% complete for M_faveolata__Mfav_HH_euk_3_2502__L1_ATCACG_L001_R2_001.fastq.gz
Approx 80% complete for M_faveolata__Mfav_HH_euk_3_2502__L1_ATCACG_L001_R2_001.fastq.gz
Approx 85% complete for M_faveolata__Mfav_HH_euk_3_2502__L1_ATCACG_L001_R2_001.fastq.gz
Approx 90% complete for M_faveolata__Mfav_HH_euk_3_2502__L1_ATCACG_L001_R2_001.fastq.gz
Approx 95% complete for M_faveolata__Mfav_HH_euk_3_2502__L1_ATCACG_L001_R2_001.fastq.gz
Analysis complete for M_faveolata__Mfav_HH_euk_3_2502__L1_ATCACG_L001_R2_001.fastq.gz
Started analysis of M_faveolata__Mfav_HH_euk_33_2503__L1_CGATGT_L001_R1_001.fastq.gz
Approx 5% complete for M_faveolata__Mfav_HH_euk_33_2503__L1_CGATGT_L001_R1_001.fastq.gz
Approx 10% complete for M_faveolata__Mfav_HH_euk_33_2503__L1_CGATGT_L001_R1_001.fastq.gz
Approx 15% complete for M_faveolata__Mfav_HH_euk_33_2503__L1_CGATGT_L001_R1_001.fastq.gz
Approx 20% complete for M_faveolata__Mfav_HH_euk_33_2503__L1_CGATGT_L001_R1_001.fastq.gz
Approx 25% complete for M_faveolata__Mfav_HH_euk_33_2503__L1_CGATGT_L001_R1_001.fastq.gz
Approx 30% complete for M_faveolata__Mfav_HH_euk_33_2503__L1_CGATGT_L001_R1_001.fastq.gz
Approx 35% complete for M_faveolata__Mfav_HH_euk_33_2503__L1_CGATGT_L001_R1_001.fastq.gz
Approx 40% complete for M_faveolata__Mfav_HH_euk_33_2503__L1_CGATGT_L001_R1_001.fastq.gz
Approx 45% complete for M_faveolata__Mfav_HH_euk_33_2503__L1_CGATGT_L001_R1_001.fastq.gz
Approx 50% complete for M_faveolata__Mfav_HH_euk_33_2503__L1_CGATGT_L001_R1_001.fastq.gz
Approx 55% complete for M_faveolata__Mfav_HH_euk_33_2503__L1_CGATGT_L001_R1_001.fastq.gz
Approx 60% complete for M_faveolata__Mfav_HH_euk_33_2503__L1_CGATGT_L001_R1_001.fastq.gz
Approx 65% complete for M_faveolata__Mfav_HH_euk_33_2503__L1_CGATGT_L001_R1_001.fastq.gz
Approx 70% complete for M_faveolata__Mfav_HH_euk_33_2503__L1_CGATGT_L001_R1_001.fastq.gz
Approx 75% complete for M_faveolata__Mfav_HH_euk_33_2503__L1_CGATGT_L001_R1_001.fastq.gz
Approx 80% complete for M_faveolata__Mfav_HH_euk_33_2503__L1_CGATGT_L001_R1_001.fastq.gz
Approx 85% complete for M_faveolata__Mfav_HH_euk_33_2503__L1_CGATGT_L001_R1_001.fastq.gz
Approx 90% complete for M_faveolata__Mfav_HH_euk_33_2503__L1_CGATGT_L001_R1_001.fastq.gz
Approx 95% complete for M_faveolata__Mfav_HH_euk_33_2503__L1_CGATGT_L001_R1_001.fastq.gz
Analysis complete for M_faveolata__Mfav_HH_euk_33_2503__L1_CGATGT_L001_R1_001.fastq.gz
Started analysis of M_faveolata__Mfav_HH_euk_33_2503__L1_CGATGT_L001_R2_001.fastq.gz
Approx 5% complete for M_faveolata__Mfav_HH_euk_33_2503__L1_CGATGT_L001_R2_001.fastq.gz
Approx 10% complete for M_faveolata__Mfav_HH_euk_33_2503__L1_CGATGT_L001_R2_001.fastq.gz
Approx 15% complete for M_faveolata__Mfav_HH_euk_33_2503__L1_CGATGT_L001_R2_001.fastq.gz
Approx 20% complete for M_faveolata__Mfav_HH_euk_33_2503__L1_CGATGT_L001_R2_001.fastq.gz
Approx 25% complete for M_faveolata__Mfav_HH_euk_33_2503__L1_CGATGT_L001_R2_001.fastq.gz
Approx 30% complete for M_faveolata__Mfav_HH_euk_33_2503__L1_CGATGT_L001_R2_001.fastq.gz
Approx 35% complete for M_faveolata__Mfav_HH_euk_33_2503__L1_CGATGT_L001_R2_001.fastq.gz
Approx 40% complete for M_faveolata__Mfav_HH_euk_33_2503__L1_CGATGT_L001_R2_001.fastq.gz
Approx 45% complete for M_faveolata__Mfav_HH_euk_33_2503__L1_CGATGT_L001_R2_001.fastq.gz
Approx 50% complete for M_faveolata__Mfav_HH_euk_33_2503__L1_CGATGT_L001_R2_001.fastq.gz
Approx 55% complete for M_faveolata__Mfav_HH_euk_33_2503__L1_CGATGT_L001_R2_001.fastq.gz
Approx 60% complete for M_faveolata__Mfav_HH_euk_33_2503__L1_CGATGT_L001_R2_001.fastq.gz
Approx 65% complete for M_faveolata__Mfav_HH_euk_33_2503__L1_CGATGT_L001_R2_001.fastq.gz
Approx 70% complete for M_faveolata__Mfav_HH_euk_33_2503__L1_CGATGT_L001_R2_001.fastq.gz
Approx 75% complete for M_faveolata__Mfav_HH_euk_33_2503__L1_CGATGT_L001_R2_001.fastq.gz
Approx 80% complete for M_faveolata__Mfav_HH_euk_33_2503__L1_CGATGT_L001_R2_001.fastq.gz
Approx 85% complete for M_faveolata__Mfav_HH_euk_33_2503__L1_CGATGT_L001_R2_001.fastq.gz
Approx 90% complete for M_faveolata__Mfav_HH_euk_33_2503__L1_CGATGT_L001_R2_001.fastq.gz
Approx 95% complete for M_faveolata__Mfav_HH_euk_33_2503__L1_CGATGT_L001_R2_001.fastq.gz
Analysis complete for M_faveolata__Mfav_HH_euk_33_2503__L1_CGATGT_L001_R2_001.fastq.gz
Started analysis of M_faveolata__Mfav_HH_prok_3-_2508__L2_CAGATC_L002_R1_001.fastq.gz
Approx 5% complete for M_faveolata__Mfav_HH_prok_3-_2508__L2_CAGATC_L002_R1_001.fastq.gz
Approx 10% complete for M_faveolata__Mfav_HH_prok_3-_2508__L2_CAGATC_L002_R1_001.fastq.gz
Approx 15% complete for M_faveolata__Mfav_HH_prok_3-_2508__L2_CAGATC_L002_R1_001.fastq.gz
Approx 20% complete for M_faveolata__Mfav_HH_prok_3-_2508__L2_CAGATC_L002_R1_001.fastq.gz
Approx 25% complete for M_faveolata__Mfav_HH_prok_3-_2508__L2_CAGATC_L002_R1_001.fastq.gz
Approx 30% complete for M_faveolata__Mfav_HH_prok_3-_2508__L2_CAGATC_L002_R1_001.fastq.gz
Approx 35% complete for M_faveolata__Mfav_HH_prok_3-_2508__L2_CAGATC_L002_R1_001.fastq.gz
Approx 40% complete for M_faveolata__Mfav_HH_prok_3-_2508__L2_CAGATC_L002_R1_001.fastq.gz
Approx 45% complete for M_faveolata__Mfav_HH_prok_3-_2508__L2_CAGATC_L002_R1_001.fastq.gz
Approx 50% complete for M_faveolata__Mfav_HH_prok_3-_2508__L2_CAGATC_L002_R1_001.fastq.gz
Approx 55% complete for M_faveolata__Mfav_HH_prok_3-_2508__L2_CAGATC_L002_R1_001.fastq.gz
Approx 60% complete for M_faveolata__Mfav_HH_prok_3-_2508__L2_CAGATC_L002_R1_001.fastq.gz
Approx 65% complete for M_faveolata__Mfav_HH_prok_3-_2508__L2_CAGATC_L002_R1_001.fastq.gz
Approx 70% complete for M_faveolata__Mfav_HH_prok_3-_2508__L2_CAGATC_L002_R1_001.fastq.gz
Approx 75% complete for M_faveolata__Mfav_HH_prok_3-_2508__L2_CAGATC_L002_R1_001.fastq.gz
Approx 80% complete for M_faveolata__Mfav_HH_prok_3-_2508__L2_CAGATC_L002_R1_001.fastq.gz
Approx 85% complete for M_faveolata__Mfav_HH_prok_3-_2508__L2_CAGATC_L002_R1_001.fastq.gz
Approx 90% complete for M_faveolata__Mfav_HH_prok_3-_2508__L2_CAGATC_L002_R1_001.fastq.gz
Approx 95% complete for M_faveolata__Mfav_HH_prok_3-_2508__L2_CAGATC_L002_R1_001.fastq.gz
Analysis complete for M_faveolata__Mfav_HH_prok_3-_2508__L2_CAGATC_L002_R1_001.fastq.gz
Started analysis of M_faveolata__Mfav_HH_prok_3-_2508__L2_CAGATC_L002_R2_001.fastq.gz
Approx 5% complete for M_faveolata__Mfav_HH_prok_3-_2508__L2_CAGATC_L002_R2_001.fastq.gz
Approx 10% complete for M_faveolata__Mfav_HH_prok_3-_2508__L2_CAGATC_L002_R2_001.fastq.gz
Approx 15% complete for M_faveolata__Mfav_HH_prok_3-_2508__L2_CAGATC_L002_R2_001.fastq.gz
Approx 20% complete for M_faveolata__Mfav_HH_prok_3-_2508__L2_CAGATC_L002_R2_001.fastq.gz
Approx 25% complete for M_faveolata__Mfav_HH_prok_3-_2508__L2_CAGATC_L002_R2_001.fastq.gz
Approx 30% complete for M_faveolata__Mfav_HH_prok_3-_2508__L2_CAGATC_L002_R2_001.fastq.gz
Approx 35% complete for M_faveolata__Mfav_HH_prok_3-_2508__L2_CAGATC_L002_R2_001.fastq.gz
Approx 40% complete for M_faveolata__Mfav_HH_prok_3-_2508__L2_CAGATC_L002_R2_001.fastq.gz
Approx 45% complete for M_faveolata__Mfav_HH_prok_3-_2508__L2_CAGATC_L002_R2_001.fastq.gz
Approx 50% complete for M_faveolata__Mfav_HH_prok_3-_2508__L2_CAGATC_L002_R2_001.fastq.gz
Approx 55% complete for M_faveolata__Mfav_HH_prok_3-_2508__L2_CAGATC_L002_R2_001.fastq.gz
Approx 60% complete for M_faveolata__Mfav_HH_prok_3-_2508__L2_CAGATC_L002_R2_001.fastq.gz
Approx 65% complete for M_faveolata__Mfav_HH_prok_3-_2508__L2_CAGATC_L002_R2_001.fastq.gz
Approx 70% complete for M_faveolata__Mfav_HH_prok_3-_2508__L2_CAGATC_L002_R2_001.fastq.gz
Approx 75% complete for M_faveolata__Mfav_HH_prok_3-_2508__L2_CAGATC_L002_R2_001.fastq.gz
Approx 80% complete for M_faveolata__Mfav_HH_prok_3-_2508__L2_CAGATC_L002_R2_001.fastq.gz
Approx 85% complete for M_faveolata__Mfav_HH_prok_3-_2508__L2_CAGATC_L002_R2_001.fastq.gz
Approx 90% complete for M_faveolata__Mfav_HH_prok_3-_2508__L2_CAGATC_L002_R2_001.fastq.gz
Approx 95% complete for M_faveolata__Mfav_HH_prok_3-_2508__L2_CAGATC_L002_R2_001.fastq.gz
Analysis complete for M_faveolata__Mfav_HH_prok_3-_2508__L2_CAGATC_L002_R2_001.fastq.gz
Started analysis of M_faveolata__Mfav_HH_prok_33-_2509__L2_ACTTGA_L002_R1_001.fastq.gz
Approx 5% complete for M_faveolata__Mfav_HH_prok_33-_2509__L2_ACTTGA_L002_R1_001.fastq.gz
Approx 10% complete for M_faveolata__Mfav_HH_prok_33-_2509__L2_ACTTGA_L002_R1_001.fastq.gz
Approx 15% complete for M_faveolata__Mfav_HH_prok_33-_2509__L2_ACTTGA_L002_R1_001.fastq.gz
Approx 20% complete for M_faveolata__Mfav_HH_prok_33-_2509__L2_ACTTGA_L002_R1_001.fastq.gz
Approx 25% complete for M_faveolata__Mfav_HH_prok_33-_2509__L2_ACTTGA_L002_R1_001.fastq.gz
Approx 30% complete for M_faveolata__Mfav_HH_prok_33-_2509__L2_ACTTGA_L002_R1_001.fastq.gz
Approx 35% complete for M_faveolata__Mfav_HH_prok_33-_2509__L2_ACTTGA_L002_R1_001.fastq.gz
Approx 40% complete for M_faveolata__Mfav_HH_prok_33-_2509__L2_ACTTGA_L002_R1_001.fastq.gz
Approx 45% complete for M_faveolata__Mfav_HH_prok_33-_2509__L2_ACTTGA_L002_R1_001.fastq.gz
Approx 50% complete for M_faveolata__Mfav_HH_prok_33-_2509__L2_ACTTGA_L002_R1_001.fastq.gz
Approx 55% complete for M_faveolata__Mfav_HH_prok_33-_2509__L2_ACTTGA_L002_R1_001.fastq.gz
Approx 60% complete for M_faveolata__Mfav_HH_prok_33-_2509__L2_ACTTGA_L002_R1_001.fastq.gz
Approx 65% complete for M_faveolata__Mfav_HH_prok_33-_2509__L2_ACTTGA_L002_R1_001.fastq.gz
Approx 70% complete for M_faveolata__Mfav_HH_prok_33-_2509__L2_ACTTGA_L002_R1_001.fastq.gz
Approx 75% complete for M_faveolata__Mfav_HH_prok_33-_2509__L2_ACTTGA_L002_R1_001.fastq.gz
Approx 80% complete for M_faveolata__Mfav_HH_prok_33-_2509__L2_ACTTGA_L002_R1_001.fastq.gz
Approx 85% complete for M_faveolata__Mfav_HH_prok_33-_2509__L2_ACTTGA_L002_R1_001.fastq.gz
Approx 90% complete for M_faveolata__Mfav_HH_prok_33-_2509__L2_ACTTGA_L002_R1_001.fastq.gz
Approx 95% complete for M_faveolata__Mfav_HH_prok_33-_2509__L2_ACTTGA_L002_R1_001.fastq.gz
Analysis complete for M_faveolata__Mfav_HH_prok_33-_2509__L2_ACTTGA_L002_R1_001.fastq.gz
Started analysis of M_faveolata__Mfav_HH_prok_33-_2509__L2_ACTTGA_L002_R2_001.fastq.gz
Approx 5% complete for M_faveolata__Mfav_HH_prok_33-_2509__L2_ACTTGA_L002_R2_001.fastq.gz
Approx 10% complete for M_faveolata__Mfav_HH_prok_33-_2509__L2_ACTTGA_L002_R2_001.fastq.gz
Approx 15% complete for M_faveolata__Mfav_HH_prok_33-_2509__L2_ACTTGA_L002_R2_001.fastq.gz
Approx 20% complete for M_faveolata__Mfav_HH_prok_33-_2509__L2_ACTTGA_L002_R2_001.fastq.gz
Approx 25% complete for M_faveolata__Mfav_HH_prok_33-_2509__L2_ACTTGA_L002_R2_001.fastq.gz
Approx 30% complete for M_faveolata__Mfav_HH_prok_33-_2509__L2_ACTTGA_L002_R2_001.fastq.gz
Approx 35% complete for M_faveolata__Mfav_HH_prok_33-_2509__L2_ACTTGA_L002_R2_001.fastq.gz
Approx 40% complete for M_faveolata__Mfav_HH_prok_33-_2509__L2_ACTTGA_L002_R2_001.fastq.gz
Approx 45% complete for M_faveolata__Mfav_HH_prok_33-_2509__L2_ACTTGA_L002_R2_001.fastq.gz
Approx 50% complete for M_faveolata__Mfav_HH_prok_33-_2509__L2_ACTTGA_L002_R2_001.fastq.gz
Approx 55% complete for M_faveolata__Mfav_HH_prok_33-_2509__L2_ACTTGA_L002_R2_001.fastq.gz
Approx 60% complete for M_faveolata__Mfav_HH_prok_33-_2509__L2_ACTTGA_L002_R2_001.fastq.gz
Approx 65% complete for M_faveolata__Mfav_HH_prok_33-_2509__L2_ACTTGA_L002_R2_001.fastq.gz
Approx 70% complete for M_faveolata__Mfav_HH_prok_33-_2509__L2_ACTTGA_L002_R2_001.fastq.gz
Approx 75% complete for M_faveolata__Mfav_HH_prok_33-_2509__L2_ACTTGA_L002_R2_001.fastq.gz
Approx 80% complete for M_faveolata__Mfav_HH_prok_33-_2509__L2_ACTTGA_L002_R2_001.fastq.gz
Approx 85% complete for M_faveolata__Mfav_HH_prok_33-_2509__L2_ACTTGA_L002_R2_001.fastq.gz
Approx 90% complete for M_faveolata__Mfav_HH_prok_33-_2509__L2_ACTTGA_L002_R2_001.fastq.gz
Approx 95% complete for M_faveolata__Mfav_HH_prok_33-_2509__L2_ACTTGA_L002_R2_001.fastq.gz
Analysis complete for M_faveolata__Mfav_HH_prok_33-_2509__L2_ACTTGA_L002_R2_001.fastq.gz
